{
  "RSpec": {
    "coverage": {
      "/Users/mfv-computer-0062/DY/upwork/user_manager/spec/support/controller_macros.rb": {
        "lines": [
          1,
          1,
          null,
          2,
          12,
          12,
          null,
          12,
          null,
          null,
          null,
          1,
          null,
          14,
          14,
          12,
          14,
          12,
          null,
          null,
          1,
          null,
          1,
          20,
          20,
          null,
          20,
          null,
          null,
          null,
          1,
          null,
          21,
          21,
          21,
          21,
          21,
          21,
          21,
          21,
          null,
          null
        ]
      },
      "/Users/mfv-computer-0062/DY/upwork/user_manager/app/controllers/teams_controller.rb": {
        "lines": [
          1,
          1,
          null,
          1,
          4,
          4,
          null,
          null,
          1,
          3,
          1,
          1,
          null,
          null,
          1,
          4,
          2,
          2,
          2,
          2,
          null,
          0,
          null,
          null,
          null,
          1,
          4,
          2,
          2,
          2,
          2,
          2,
          null,
          0,
          null,
          null,
          0,
          null,
          null,
          null,
          null,
          1,
          6,
          4,
          null,
          null,
          1,
          4,
          0,
          0,
          null,
          0,
          null,
          null,
          null,
          1,
          null,
          1,
          14,
          null,
          null,
          1,
          4,
          null,
          null
        ]
      },
      "/Users/mfv-computer-0062/DY/upwork/user_manager/app/controllers/authenticated_team_controller.rb": {
        "lines": [
          1,
          1,
          1,
          null,
          1,
          null,
          1,
          null,
          1,
          32,
          null,
          null,
          1,
          76,
          null,
          null,
          1,
          25,
          null,
          null,
          1,
          12,
          12,
          null,
          null
        ]
      },
      "/Users/mfv-computer-0062/DY/upwork/user_manager/app/controllers/application_controller.rb": {
        "lines": [
          1,
          1,
          1,
          1,
          1,
          null,
          1,
          null,
          1,
          0,
          0,
          null,
          null,
          1,
          32,
          null,
          null,
          null,
          null,
          null,
          null,
          1,
          null,
          18,
          null,
          null,
          1,
          0,
          null,
          null
        ]
      },
      "/Users/mfv-computer-0062/DY/upwork/user_manager/spec/controllers/users_controller_spec.rb": {
        "lines": [
          1,
          null,
          1,
          1,
          1,
          8,
          null,
          1,
          3,
          null,
          1,
          1,
          1,
          null,
          null,
          1,
          1,
          null,
          null,
          null,
          1,
          4,
          null,
          1,
          1,
          1,
          null,
          null,
          1,
          1,
          null,
          null,
          1,
          1,
          null,
          null,
          null,
          1,
          3,
          3,
          3,
          null,
          3,
          null,
          1,
          1,
          null,
          null,
          1,
          1,
          null,
          null,
          null
        ]
      },
      "/Users/mfv-computer-0062/DY/upwork/user_manager/app/controllers/users_controller.rb": {
        "lines": [
          1,
          1,
          null,
          1,
          2,
          2,
          null,
          2,
          null,
          null,
          null,
          1,
          3,
          3,
          null,
          3,
          null,
          null,
          null,
          1,
          2,
          2,
          null,
          2,
          2,
          null,
          0,
          null,
          null,
          null,
          null,
          1,
          null,
          1,
          2,
          null,
          null,
          1,
          5,
          null,
          null
        ]
      },
      "/Users/mfv-computer-0062/DY/upwork/user_manager/spec/models/role_resource_spec.rb": {
        "lines": [
          1,
          null,
          1,
          1,
          1,
          1,
          null,
          null,
          null,
          1,
          1,
          1,
          null,
          null,
          1,
          1,
          null,
          null,
          null
        ]
      },
      "/Users/mfv-computer-0062/DY/upwork/user_manager/app/models/role_resource.rb": {
        "lines": [
          1,
          1,
          null,
          1,
          null,
          null,
          null,
          null,
          null,
          1,
          32,
          null,
          32,
          null,
          null,
          1,
          33,
          null,
          null,
          1,
          128,
          null,
          null,
          1,
          8,
          null,
          null,
          1,
          24,
          null,
          null,
          1,
          7,
          null,
          null
        ]
      },
      "/Users/mfv-computer-0062/DY/upwork/user_manager/spec/models/role_spec.rb": {
        "lines": [
          1,
          null,
          1,
          1,
          2,
          2,
          null,
          null
        ]
      },
      "/Users/mfv-computer-0062/DY/upwork/user_manager/app/models/role.rb": {
        "lines": [
          1,
          1,
          1,
          null
        ]
      },
      "/Users/mfv-computer-0062/DY/upwork/user_manager/spec/models/team_spec.rb": {
        "lines": [
          1,
          null,
          1,
          1,
          null,
          null,
          null,
          5,
          null,
          2,
          2,
          2,
          2,
          null,
          null,
          1,
          2,
          2,
          2,
          2,
          2,
          2,
          2,
          2,
          2,
          null,
          null
        ]
      },
      "/Users/mfv-computer-0062/DY/upwork/user_manager/app/models/team.rb": {
        "lines": [
          1,
          1,
          1,
          1,
          1,
          1,
          1,
          1,
          2,
          2,
          null,
          1,
          null
        ]
      },
      "/Users/mfv-computer-0062/DY/upwork/user_manager/spec/models/team_user_role_spec.rb": {
        "lines": [
          1,
          null,
          1,
          1,
          2,
          2,
          2,
          null,
          null
        ]
      },
      "/Users/mfv-computer-0062/DY/upwork/user_manager/app/models/team_user_role.rb": {
        "lines": [
          1,
          1,
          1,
          1,
          null
        ]
      },
      "/Users/mfv-computer-0062/DY/upwork/user_manager/spec/models/team_user_spec.rb": {
        "lines": [
          1,
          null,
          1,
          1,
          2,
          2,
          2,
          null,
          null
        ]
      },
      "/Users/mfv-computer-0062/DY/upwork/user_manager/app/models/team_user.rb": {
        "lines": [
          1,
          1,
          1,
          null,
          1,
          null
        ]
      },
      "/Users/mfv-computer-0062/DY/upwork/user_manager/spec/models/user_spec.rb": {
        "lines": [
          1,
          null,
          1,
          1,
          null,
          null,
          null,
          17,
          null,
          2,
          2,
          2,
          2,
          2,
          2,
          2,
          2,
          2,
          2,
          2,
          2,
          2,
          2,
          2,
          2,
          null,
          null,
          1,
          2,
          2,
          2,
          2,
          2,
          2,
          null,
          null,
          1,
          1,
          2,
          2,
          null,
          null,
          1,
          2,
          2,
          null,
          null,
          2,
          2,
          null,
          null
        ]
      },
      "/Users/mfv-computer-0062/DY/upwork/user_manager/spec/policies/team_policy_spec.rb": {
        "lines": [
          1,
          null,
          1,
          8,
          8,
          1,
          3,
          3,
          null,
          1,
          7,
          null,
          null,
          1,
          1,
          1,
          1,
          null,
          null,
          null,
          null,
          1,
          2,
          null,
          null,
          1,
          2,
          2,
          2,
          2,
          2,
          2,
          null,
          2,
          null,
          2,
          null,
          null,
          1,
          3,
          3,
          3,
          3,
          3,
          3,
          null,
          3,
          null,
          2,
          2,
          null,
          null,
          1,
          3,
          3,
          3,
          3,
          3,
          3,
          null,
          3,
          null,
          2,
          2,
          null,
          null
        ]
      },
      "/Users/mfv-computer-0062/DY/upwork/user_manager/app/policies/team_policy.rb": {
        "lines": [
          1,
          1,
          null,
          1,
          null,
          1,
          32,
          32,
          32,
          null,
          null,
          1,
          21,
          null,
          null,
          1,
          11,
          null,
          null,
          1,
          11,
          null,
          null,
          1,
          23,
          null,
          null,
          1,
          26,
          null,
          null,
          1,
          49,
          null,
          null,
          1,
          null,
          1,
          51,
          null,
          null,
          1,
          51,
          51,
          null,
          null,
          null
        ]
      },
      "/Users/mfv-computer-0062/DY/upwork/user_manager/app/policies/application_policy.rb": {
        "lines": [
          null,
          null,
          1,
          1,
          null,
          1,
          0,
          0,
          null,
          null,
          1,
          0,
          null,
          null,
          1,
          0,
          null,
          null,
          1,
          0,
          null,
          null,
          1,
          0,
          null,
          null,
          1,
          0,
          null,
          null,
          1,
          10,
          null,
          null,
          1,
          0,
          null,
          null,
          1,
          1,
          0,
          0,
          null,
          null,
          1,
          0,
          null,
          null,
          1,
          null,
          1,
          null,
          null
        ]
      },
      "/Users/mfv-computer-0062/DY/upwork/user_manager/spec/requests/users_spec.rb": {
        "lines": [
          1,
          null,
          1,
          1,
          1,
          null,
          null
        ]
      },
      "/Users/mfv-computer-0062/DY/upwork/user_manager/app/models/team_role.rb": {
        "lines": [
          1,
          1,
          1,
          null
        ]
      },
      "/Users/mfv-computer-0062/DY/upwork/user_manager/app/controllers/concerns/pundit_user_context.rb": {
        "lines": [
          1,
          1,
          null,
          1,
          32,
          32,
          null,
          null
        ]
      },
      "/Users/mfv-computer-0062/DY/upwork/user_manager/app/decorators/team_decorator.rb": {
        "lines": [
          1,
          1,
          1,
          null,
          1,
          0,
          0,
          null,
          null,
          null,
          1,
          0,
          null,
          null
        ]
      },
      "/Users/mfv-computer-0062/DY/upwork/user_manager/app/decorators/application_decorator.rb": {
        "lines": [
          1,
          null,
          null,
          null,
          null,
          null,
          null,
          null,
          1,
          null,
          1,
          0,
          null,
          null
        ]
      },
      "/Users/mfv-computer-0062/DY/upwork/user_manager/app/decorators/user_decorator.rb": {
        "lines": [
          1,
          1,
          1,
          null,
          1,
          0,
          null,
          null,
          1,
          0,
          0,
          0,
          null,
          null,
          null,
          null,
          1,
          0,
          0,
          null,
          null,
          null
        ]
      },
      "/Users/mfv-computer-0062/DY/upwork/user_manager/app/services/teams/update_members_service.rb": {
        "lines": [
          1,
          1,
          null,
          1,
          2,
          2,
          null,
          null,
          1,
          2,
          2,
          2,
          2,
          6,
          2,
          null,
          null,
          null,
          1,
          null,
          1,
          null,
          1,
          0,
          null,
          null,
          1,
          4,
          null,
          null
        ]
      },
      "/Users/mfv-computer-0062/DY/upwork/user_manager/app/services/users/update_team_roles_service.rb": {
        "lines": [
          1,
          1,
          null,
          1,
          2,
          2,
          2,
          2,
          null,
          null,
          1,
          2,
          2,
          2,
          2,
          2,
          4,
          null,
          null,
          null,
          1,
          null,
          1,
          null,
          1,
          2,
          null,
          null,
          1,
          0,
          null,
          null
        ]
      }
    },
    "timestamp": 1708350769
  }
}
